<?xml version="1.0" encoding="UTF-8"?>
<testng-results ignored="0" total="1" passed="1" failed="0" skipped="0">
  <reporter-output>
  </reporter-output>
  <suite started-at="2023-07-13T17:19:27 IST" name="Default suite" finished-at="2023-07-13T17:19:41 IST" duration-ms="13655">
    <groups>
    </groups>
    <test started-at="2023-07-13T17:19:27 IST" name="Default test" finished-at="2023-07-13T17:19:41 IST" duration-ms="13655">
      <class name="Punter.Script01Test">
        <test-method signature="test2()[pri:0, instance:Punter.Script01Test@6da21078]" started-at="2023-07-13T17:19:27 IST" name="test2" finished-at="2023-07-13T17:19:41 IST" duration-ms="13610" status="PASS">
          <reporter-output>
          </reporter-output>
        </test-method> <!-- test2 -->
      </class> <!-- Punter.Script01Test -->
    </test> <!-- Default test -->
  </suite> <!-- Default suite -->
</testng-results>
