<?xml version="1.0" encoding="UTF-8"?>
<testng-results ignored="0" total="1" passed="1" failed="0" skipped="0">
  <reporter-output>
  </reporter-output>
  <suite started-at="2023-07-13T12:22:23 IST" name="Default suite" finished-at="2023-07-13T12:22:37 IST" duration-ms="14272">
    <groups>
    </groups>
    <test started-at="2023-07-13T12:22:23 IST" name="Default test" finished-at="2023-07-13T12:22:37 IST" duration-ms="14272">
      <class name="Punter.LogintoAppTest">
        <test-method signature="tc1()[pri:0, instance:Punter.LogintoAppTest@4229bb3f]" started-at="2023-07-13T12:22:23 IST" name="tc1" finished-at="2023-07-13T12:22:37 IST" duration-ms="14230" status="PASS">
          <reporter-output>
          </reporter-output>
        </test-method> <!-- tc1 -->
      </class> <!-- Punter.LogintoAppTest -->
    </test> <!-- Default test -->
  </suite> <!-- Default suite -->
</testng-results>
